TN:
SF:src/NFTtrio.sol
FN:29,NFTtrio.mint
FNDA:31,NFTtrio.mint
DA:30,31
BRDA:30,0,0,1
BRDA:30,0,1,30
DA:31,30
BRDA:31,1,0,1
BRDA:31,1,1,29
DA:32,29
BRDA:32,2,0,1
BRDA:32,2,1,28
DA:34,28
DA:36,28
DA:37,28
DA:39,28
FN:42,NFTtrio.mintWithDiscount
FNDA:7,NFTtrio.mintWithDiscount
DA:43,7
BRDA:43,3,0,1
BRDA:43,3,1,6
DA:44,6
BRDA:44,4,0,1
BRDA:44,4,1,5
DA:45,5
BRDA:45,5,0,1
BRDA:45,5,1,4
DA:46,4
BRDA:46,6,0,1
BRDA:46,6,1,3
DA:48,3
DA:51,2
DA:53,2
DA:55,2
DA:56,2
DA:58,2
FN:61,NFTtrio.withdrawRoyalties
FNDA:3,NFTtrio.withdrawRoyalties
DA:62,3
BRDA:62,7,0,1
BRDA:62,7,1,2
DA:63,2
BRDA:63,8,0,1
BRDA:63,8,1,1
DA:65,1
DA:66,1
DA:67,1
FN:70,NFTtrio.withdrawReserves
FNDA:2,NFTtrio.withdrawReserves
DA:71,2
FN:74,NFTtrio.supportsInterface
FNDA:3,NFTtrio.supportsInterface
DA:75,3
FN:78,NFTtrio._verifyProof
FNDA:3,NFTtrio._verifyProof
DA:79,3
DA:80,3
BRDA:80,9,0,1
BRDA:80,9,1,2
FNF:6
FNH:6
LF:26
LH:26
BRF:20
BRH:20
end_of_record
TN:
SF:src/RewardToken.sol
FN:12,RewardToken.setStakingAddress
FNDA:2,RewardToken.setStakingAddress
DA:13,2
BRDA:13,0,0,1
BRDA:13,0,1,1
DA:14,1
FN:17,RewardToken.mintStakingRewards
FNDA:9,RewardToken.mintStakingRewards
DA:18,9
BRDA:18,1,0,1
BRDA:18,1,1,8
DA:19,8
FNF:2
FNH:2
LF:4
LH:4
BRF:4
BRH:4
end_of_record
TN:
SF:src/Staking.sol
FN:31,Staking.onERC721Received
FNDA:15,Staking.onERC721Received
DA:32,15
DA:33,15
FN:36,Staking.collectTokens
FNDA:5,Staking.collectTokens
DA:37,5
DA:39,5
BRDA:39,0,0,1
BRDA:39,0,1,4
DA:40,4
BRDA:40,1,0,1
BRDA:40,1,1,3
DA:42,3
DA:44,3
DA:45,3
FN:48,Staking.bulkCollectTokens
FNDA:3,Staking.bulkCollectTokens
DA:49,3
DA:52,3
DA:53,3
DA:54,6
DA:56,6
DA:57,6
DA:60,6
BRDA:60,2,0,-
BRDA:60,2,1,3
DA:61,3
DA:62,3
DA:65,6
DA:68,3
DA:69,3
FN:72,Staking.withdrawNFT
FNDA:4,Staking.withdrawNFT
DA:73,4
DA:74,4
BRDA:74,3,0,1
BRDA:74,3,1,3
DA:76,3
DA:77,3
DA:80,3
BRDA:80,4,0,-
BRDA:80,4,1,2
DA:81,2
DA:82,2
FNF:4
FNH:4
LF:27
LH:27
BRF:10
BRH:8
end_of_record
