TN:
SF:src/NFTtrio.sol
FN:29,NFTtrio.mint
FNDA:31,NFTtrio.mint
DA:30,31
BRDA:30,0,0,1
BRDA:30,0,1,30
DA:31,30
BRDA:31,1,0,1
BRDA:31,1,1,29
DA:32,29
BRDA:32,2,0,1
BRDA:32,2,1,28
DA:34,28
DA:36,28
DA:37,28
DA:39,28
FN:42,NFTtrio.mintWithDiscount
FNDA:7,NFTtrio.mintWithDiscount
DA:43,7
BRDA:43,3,0,1
BRDA:43,3,1,6
DA:44,6
BRDA:44,4,0,1
BRDA:44,4,1,5
DA:45,5
BRDA:45,5,0,1
BRDA:45,5,1,4
DA:46,4
BRDA:46,6,0,1
BRDA:46,6,1,3
DA:48,3
DA:51,2
DA:53,2
DA:55,2
DA:56,2
DA:58,2
FN:61,NFTtrio.withdrawRoyalties
FNDA:3,NFTtrio.withdrawRoyalties
DA:62,3
BRDA:62,7,0,1
BRDA:62,7,1,2
DA:63,2
BRDA:63,8,0,1
BRDA:63,8,1,1
DA:65,1
DA:66,1
DA:67,1
FN:70,NFTtrio.withdrawReserves
FNDA:2,NFTtrio.withdrawReserves
DA:71,2
FN:74,NFTtrio.supportsInterface
FNDA:3,NFTtrio.supportsInterface
DA:75,3
FN:78,NFTtrio._verifyProof
FNDA:3,NFTtrio._verifyProof
DA:79,3
DA:80,3
BRDA:80,9,0,1
BRDA:80,9,1,2
FNF:6
FNH:6
LF:26
LH:26
BRF:20
BRH:20
end_of_record
TN:
SF:src/RewardToken.sol
FN:12,RewardToken.setStakingAddress
FNDA:2,RewardToken.setStakingAddress
DA:13,2
BRDA:13,0,0,1
BRDA:13,0,1,1
DA:14,1
FN:17,RewardToken.mintStakingRewards
FNDA:9,RewardToken.mintStakingRewards
DA:18,9
BRDA:18,1,0,1
BRDA:18,1,1,8
DA:19,8
FNF:2
FNH:2
LF:4
LH:4
BRF:4
BRH:4
end_of_record
TN:
SF:src/Staking.sol
FN:32,Staking.onERC721Received
FNDA:15,Staking.onERC721Received
DA:33,15
DA:34,15
FN:37,Staking.collectTokens
FNDA:5,Staking.collectTokens
DA:38,5
DA:40,5
BRDA:40,0,0,1
BRDA:40,0,1,4
DA:41,4
BRDA:41,1,0,1
BRDA:41,1,1,3
DA:43,3
DA:45,3
DA:46,3
FN:49,Staking.bulkCollectTokens
FNDA:3,Staking.bulkCollectTokens
DA:50,3
DA:53,3
DA:54,3
DA:55,6
DA:57,6
DA:58,6
DA:61,6
BRDA:61,2,0,-
BRDA:61,2,1,3
DA:62,3
DA:63,3
DA:64,3
DA:66,3
DA:69,6
DA:72,3
DA:73,3
FN:76,Staking.withdrawNFT
FNDA:4,Staking.withdrawNFT
DA:77,4
DA:78,4
BRDA:78,3,0,1
BRDA:78,3,1,3
DA:80,3
DA:81,3
DA:84,3
BRDA:84,4,0,-
BRDA:84,4,1,2
DA:85,2
DA:86,2
DA:88,1
FNF:4
FNH:4
LF:30
LH:30
BRF:10
BRH:8
end_of_record
